<?xml version="1.0" encoding="UTF-8"?>
<!-- Generated by org.testng.reporters.JUnitReportReporter -->
<testsuite hostname="Pengke" name="com.pengke.AutoTestDemo.TestLogin" tests="1" failures="0" timestamp="14 Jan 2019 12:55:12 GMT" time="6.549" errors="0">
  <testcase name="testHHULogin" time="6.549" classname="com.pengke.AutoTestDemo.TestLogin"/>
</testsuite> <!-- com.pengke.AutoTestDemo.TestLogin -->
