<?xml version="1.0" encoding="UTF-8"?>
<!-- Generated by org.testng.reporters.JUnitReportReporter -->
<testsuite hostname="Pengke" name="com.pengke.AutoTestDemo.TestLogin" tests="1" failures="0" timestamp="14 Jan 2019 07:08:24 GMT" time="4.002" errors="0">
  <testcase name="testLogin" time="4.002" classname="com.pengke.AutoTestDemo.TestLogin"/>
</testsuite> <!-- com.pengke.AutoTestDemo.TestLogin -->
